c:\deadpixelqc_ofx\build\deadpixelqc_ofx.dir\release\fixworker.obj
c:\deadpixelqc_ofx\build\deadpixelqc_ofx.dir\release\temporalworker.obj
c:\deadpixelqc_ofx\build\deadpixelqc_ofx.dir\release\spatialworker.obj
c:\deadpixelqc_ofx\build\deadpixelqc_ofx.dir\release\importdefectmap.obj
c:\deadpixelqc_ofx\build\deadpixelqc_ofx.dir\release\exportdefectmap.obj
c:\deadpixelqc_ofx\build\deadpixelqc_ofx.dir\release\exportjson.obj
c:\deadpixelqc_ofx\build\deadpixelqc_ofx.dir\release\exportcsv.obj
c:\deadpixelqc_ofx\build\deadpixelqc_ofx.dir\release\mapaccumulator.obj
c:\deadpixelqc_ofx\build\deadpixelqc_ofx.dir\release\defectmap.obj
c:\deadpixelqc_ofx\build\deadpixelqc_ofx.dir\release\eventlogger.obj
c:\deadpixelqc_ofx\build\deadpixelqc_ofx.dir\release\eventmodel.obj
c:\deadpixelqc_ofx\build\deadpixelqc_ofx.dir\release\ofxutil.obj
c:\deadpixelqc_ofx\build\deadpixelqc_ofx.dir\release\pluginparamsgetters.obj
c:\deadpixelqc_ofx\build\deadpixelqc_ofx.dir\release\pluginparamsrepair.obj
c:\deadpixelqc_ofx\build\deadpixelqc_ofx.dir\release\pluginparamstemporal.obj
c:\deadpixelqc_ofx\build\deadpixelqc_ofx.dir\release\pluginparamsdetection.obj
c:\deadpixelqc_ofx\build\deadpixelqc_ofx.dir\release\pluginparamsbasic.obj
c:\deadpixelqc_ofx\build\deadpixelqc_ofx.dir\release\pluginparamsconstants.obj
c:\deadpixelqc_ofx\build\deadpixelqc_ofx.dir\release\pluginparams.obj
c:\deadpixelqc_ofx\build\deadpixelqc_ofx.dir\release\pluginmain.obj
c:\deadpixelqc_ofx\build\deadpixelqc_ofx.dir\release\pluginparamsworkflow.obj
c:\deadpixelqc_ofx\build\cmakefiles\generate.stamp
c:\deadpixelqc_ofx\build\lib\release\deadpixelqc_ofx.ofx
c:\deadpixelqc_ofx\build\lib\release\deadpixelqc_ofx.lib
c:\deadpixelqc_ofx\build\lib\release\deadpixelqc_ofx.exp
c:\deadpixelqc_ofx\build\deadpixelqc_ofx.dir\release\deadpixelqc_ofx.tlog\cl.command.1.tlog
c:\deadpixelqc_ofx\build\deadpixelqc_ofx.dir\release\deadpixelqc_ofx.tlog\cl.items.tlog
c:\deadpixelqc_ofx\build\deadpixelqc_ofx.dir\release\deadpixelqc_ofx.tlog\cl.read.1.tlog
c:\deadpixelqc_ofx\build\deadpixelqc_ofx.dir\release\deadpixelqc_ofx.tlog\cl.write.1.tlog
c:\deadpixelqc_ofx\build\deadpixelqc_ofx.dir\release\deadpixelqc_ofx.tlog\custombuild.command.1.tlog
c:\deadpixelqc_ofx\build\deadpixelqc_ofx.dir\release\deadpixelqc_ofx.tlog\custombuild.read.1.tlog
c:\deadpixelqc_ofx\build\deadpixelqc_ofx.dir\release\deadpixelqc_ofx.tlog\custombuild.write.1.tlog
c:\deadpixelqc_ofx\build\deadpixelqc_ofx.dir\release\deadpixelqc_ofx.tlog\link.command.1.tlog
c:\deadpixelqc_ofx\build\deadpixelqc_ofx.dir\release\deadpixelqc_ofx.tlog\link.read.1.tlog
c:\deadpixelqc_ofx\build\deadpixelqc_ofx.dir\release\deadpixelqc_ofx.tlog\link.secondary.1.tlog
c:\deadpixelqc_ofx\build\deadpixelqc_ofx.dir\release\deadpixelqc_ofx.tlog\link.write.1.tlog
